<?xml version="1.0" encoding="UTF-8"?>
<!-- Generated by org.testng.reporters.JUnitXMLReporter -->
<testsuite ignored="0" hostname="DESKTOP-SOQ1QOE" failures="0" tests="5" name="Surefire test" time="0.201" errors="0" timestamp="2022-03-27T23:40:24 IST">
  <testcase classname="com.grokonez.jwtauthentication.junit.Tests" name="test1 on test1(com.grokonez.jwtauthentication.junit.Tests)" time="0.033"/>
  <testcase classname="com.grokonez.jwtauthentication.junit.Tests" name="test2 on test2(com.grokonez.jwtauthentication.junit.Tests)" time="0.031"/>
  <testcase classname="com.grokonez.jwtauthentication.junit.Tests" name="test3 on test3(com.grokonez.jwtauthentication.junit.Tests)" time="0.031"/>
  <testcase classname="com.grokonez.jwtauthentication.junit.Tests" name="test4 on test4(com.grokonez.jwtauthentication.junit.Tests)" time="0.032"/>
  <testcase classname="com.grokonez.jwtauthentication.junit.Tests" name="test5 on test5(com.grokonez.jwtauthentication.junit.Tests)" time="0.032"/>
</testsuite> <!-- Surefire test -->
