<?xml version="1.0" encoding="UTF-8"?>
<testng-results ignored="0" total="5" passed="5" failed="0" skipped="0">
  <reporter-output>
  </reporter-output>
  <suite started-at="2022-03-27T23:40:24 IST" name="Surefire suite" finished-at="2022-03-27T23:40:24 IST" duration-ms="201">
    <groups>
    </groups>
    <test started-at="2022-03-27T23:40:24 IST" name="Surefire test" finished-at="2022-03-27T23:40:24 IST" duration-ms="201">
      <class name="com.grokonez.jwtauthentication.junit.Tests">
        <test-method signature="test1()" started-at="2022-03-27T23:40:24 IST" name="test1" finished-at="2022-03-27T23:40:24 IST" duration-ms="33" status="PASS">
          <reporter-output>
          </reporter-output>
        </test-method> <!-- test1 -->
        <test-method signature="test2()" started-at="2022-03-27T23:40:24 IST" name="test2" finished-at="2022-03-27T23:40:24 IST" duration-ms="31" status="PASS">
          <reporter-output>
          </reporter-output>
        </test-method> <!-- test2 -->
        <test-method signature="test3()" started-at="2022-03-27T23:40:24 IST" name="test3" finished-at="2022-03-27T23:40:24 IST" duration-ms="31" status="PASS">
          <reporter-output>
          </reporter-output>
        </test-method> <!-- test3 -->
        <test-method signature="test4()" started-at="2022-03-27T23:40:24 IST" name="test4" finished-at="2022-03-27T23:40:24 IST" duration-ms="32" status="PASS">
          <reporter-output>
          </reporter-output>
        </test-method> <!-- test4 -->
        <test-method signature="test5()" started-at="2022-03-27T23:40:24 IST" name="test5" finished-at="2022-03-27T23:40:24 IST" duration-ms="32" status="PASS">
          <reporter-output>
          </reporter-output>
        </test-method> <!-- test5 -->
      </class> <!-- com.grokonez.jwtauthentication.junit.Tests -->
    </test> <!-- Surefire test -->
  </suite> <!-- Surefire suite -->
</testng-results>
