<?xml version="1.0" encoding="UTF-8"?>
<testng-results ignored="0" total="1" passed="1" failed="0" skipped="0">
  <reporter-output>
  </reporter-output>
  <suite started-at="2021-09-28T22:32:34 IST" name="Default suite" finished-at="2021-09-28T22:32:37 IST" duration-ms="3628">
    <groups>
    </groups>
    <test started-at="2021-09-28T22:32:34 IST" name="Default test" finished-at="2021-09-28T22:32:37 IST" duration-ms="3628">
      <class name="com.grokonez.jwtauthentication.restassured.PropertiesRestassured">
        <test-method signature="getSutdents()[pri:0, instance:com.grokonez.jwtauthentication.restassured.PropertiesRestassured@59af0466]" started-at="2021-09-28T22:32:34 IST" name="getSutdents" finished-at="2021-09-28T22:32:37 IST" duration-ms="3548" status="PASS">
          <reporter-output>
          </reporter-output>
        </test-method> <!-- getSutdents -->
      </class> <!-- com.grokonez.jwtauthentication.restassured.PropertiesRestassured -->
    </test> <!-- Default test -->
  </suite> <!-- Default suite -->
</testng-results>
